\BOOKMARK [0][-]{chapter.1}{Introduction}{}% 1
\BOOKMARK [1][-]{section.1.1}{Motivation}{chapter.1}% 2
\BOOKMARK [1][-]{section.1.2}{Overview}{chapter.1}% 3
\BOOKMARK [1][-]{section.1.3}{Dissertation Outline}{chapter.1}% 4
\BOOKMARK [0][-]{chapter.2}{Background}{}% 5
\BOOKMARK [1][-]{section.2.1}{Previous Work}{chapter.2}% 6
\BOOKMARK [2][-]{subsection.2.1.1}{Evolutionary Algorithms}{section.2.1}% 7
\BOOKMARK [2][-]{subsection.2.1.2}{Biological Simulation}{section.2.1}% 8
\BOOKMARK [2][-]{subsection.2.1.3}{Virtual Worlds}{section.2.1}% 9
\BOOKMARK [1][-]{section.2.2}{Summary}{chapter.2}% 10
\BOOKMARK [0][-]{chapter.3}{Requirements}{}% 11
\BOOKMARK [1][-]{section.3.1}{Requirements Gathering Process}{chapter.3}% 12
\BOOKMARK [1][-]{section.3.2}{Functional / Non-Functional}{chapter.3}% 13
\BOOKMARK [2][-]{subsection.3.2.1}{Functional Requirements}{section.3.2}% 14
\BOOKMARK [2][-]{subsection.3.2.2}{Non-Functional Requirements}{section.3.2}% 15
\BOOKMARK [1][-]{section.3.3}{Summary}{chapter.3}% 16
\BOOKMARK [0][-]{chapter.4}{Design}{}% 17
\BOOKMARK [1][-]{section.4.1}{Overview}{chapter.4}% 18
\BOOKMARK [2][-]{subsection.4.1.1}{Definitions}{section.4.1}% 19
\BOOKMARK [2][-]{subsection.4.1.2}{Goals and Considerations}{section.4.1}% 20
\BOOKMARK [1][-]{section.4.2}{Design Process}{chapter.4}% 21
\BOOKMARK [2][-]{subsection.4.2.1}{Simulation Type}{section.4.2}% 22
\BOOKMARK [2][-]{subsection.4.2.2}{Framework selection}{section.4.2}% 23
\BOOKMARK [1][-]{section.4.3}{Architecture}{chapter.4}% 24
\BOOKMARK [1][-]{section.4.4}{Interface}{chapter.4}% 25
\BOOKMARK [2][-]{subsection.4.4.1}{Interface iterations}{section.4.4}% 26
\BOOKMARK [2][-]{subsection.4.4.2}{Statistical Graph}{section.4.4}% 27
\BOOKMARK [1][-]{section.4.5}{Evolution Logic}{chapter.4}% 28
\BOOKMARK [2][-]{subsection.4.5.1}{Reproduction and DNA}{section.4.5}% 29
\BOOKMARK [0][-]{chapter.5}{Implementation}{}% 30
\BOOKMARK [1][-]{section.5.1}{Main Logic}{chapter.5}% 31
\BOOKMARK [2][-]{subsection.5.1.1}{Simulator State}{section.5.1}% 32
\BOOKMARK [2][-]{subsection.5.1.2}{Save/Load}{section.5.1}% 33
\BOOKMARK [1][-]{section.5.2}{Food Logic}{chapter.5}% 34
\BOOKMARK [2][-]{subsection.5.2.1}{Clustering}{section.5.2}% 35
\BOOKMARK [2][-]{subsection.5.2.2}{Food Placement}{section.5.2}% 36
\BOOKMARK [1][-]{section.5.3}{Blob Logic}{chapter.5}% 37
\BOOKMARK [2][-]{subsection.5.3.1}{DNA Encoding}{section.5.3}% 38
\BOOKMARK [2][-]{subsection.5.3.2}{Update}{section.5.3}% 39
\BOOKMARK [2][-]{subsection.5.3.3}{Movement}{section.5.3}% 40
\BOOKMARK [2][-]{subsection.5.3.4}{Eating}{section.5.3}% 41
\BOOKMARK [2][-]{subsection.5.3.5}{Reproduction}{section.5.3}% 42
\BOOKMARK [1][-]{section.5.4}{Deployment}{chapter.5}% 43
\BOOKMARK [1][-]{section.5.5}{Summary}{chapter.5}% 44
\BOOKMARK [0][-]{chapter.6}{Evaluation}{}% 45
\BOOKMARK [1][-]{section.6.1}{Application Testing}{chapter.6}% 46
\BOOKMARK [1][-]{section.6.2}{Experiments}{chapter.6}% 47
\BOOKMARK [1][-]{section.6.3}{User Evaluation}{chapter.6}% 48
\BOOKMARK [2][-]{subsection.6.3.1}{A/B testing}{section.6.3}% 49
\BOOKMARK [2][-]{subsection.6.3.2}{Feedback Forms}{section.6.3}% 50
\BOOKMARK [2][-]{subsection.6.3.3}{Expert Opinion}{section.6.3}% 51
\BOOKMARK [1][-]{section.6.4}{Summary}{chapter.6}% 52
\BOOKMARK [0][-]{chapter.7}{Conclusion}{}% 53
\BOOKMARK [1][-]{section.7.1}{Summary}{chapter.7}% 54
\BOOKMARK [1][-]{section.7.2}{Project Management}{chapter.7}% 55
\BOOKMARK [1][-]{section.7.3}{Future Work}{chapter.7}% 56
\BOOKMARK [1][-]{section.7.4}{Reflection}{chapter.7}% 57
\BOOKMARK [0][-]{chapter*.9}{Bibliography}{}% 58
\BOOKMARK [0][-]{appendix.A}{User Stories}{}% 59
\BOOKMARK [0][-]{appendix.B}{Feedback Form}{}% 60
